<?xml version="1.0" encoding="UTF-8"?>
<testsuite name="ast.visitors.IdsVisitorTest" tests="1" skipped="0" failures="0" errors="0" timestamp="2016-09-15T18:28:13" hostname="wahoo" time="0.002">
  <properties/>
  <testcase name="x" classname="ast.visitors.IdsVisitorTest" time="0.002"/>
  <system-out><![CDATA[]]></system-out>
  <system-err><![CDATA[]]></system-err>
</testsuite>
